<?xml version="1.0" encoding="UTF-8"?>
<!-- Generated by org.testng.reporters.JUnitReportReporter -->
<testsuite hostname="TEKY-pc" name="test.LoginTest" tests="2" failures="0" timestamp="3 Feb 2014 19:37:14 GMT" time="27.780" errors="0">
  <testcase name="VerifyLoginForAdmin" time="5.483" classname="test.LoginTest"/>
  <testcase name="VerifyInvalidLoginScenario" time="22.297" classname="test.LoginTest"/>
</testsuite> <!-- test.LoginTest -->
